npm verbose cli C:\Program Files\nodejs\node.exe C:\Users\bruno\AppData\Roaming\npm\node_modules\npm\bin\npm-cli.js
npm info using npm@10.8.1
npm info using node@v20.13.1
npm verbose title npm install
npm verbose argv "install" "--legacy-peer-deps" "--loglevel" "verbose"
npm verbose logfile logs-max:10 dir:C:\Users\bruno\AppData\Local\npm-cache\_logs\2024-08-06T23_51_28_929Z-
npm verbose logfile C:\Users\bruno\AppData\Local\npm-cache\_logs\2024-08-06T23_51_28_929Z-debug-0.log
npm http fetch GET 200 https://registry.npmjs.org/@faker-js%2ffaker 942ms (cache revalidated)
npm http fetch GET 200 https://registry.npmjs.org/cypress-mochawesome-reporter 771ms (cache revalidated)
npm http fetch GET 200 https://registry.npmjs.org/browserstack-cypress-cli 771ms (cache revalidated)
npm http fetch GET 200 https://registry.npmjs.org/cypress 241ms (cache revalidated)
npm http fetch GET 200 https://registry.npmjs.org/async 134ms (cache revalidated)
npm http fetch GET 200 https://registry.npmjs.org/cli-progress 253ms (cache revalidated)
npm http fetch GET 200 https://registry.npmjs.org/fs-extra 270ms (cache revalidated)
npm http fetch GET 200 https://registry.npmjs.org/chalk 278ms (cache revalidated)
npm http fetch GET 200 https://registry.npmjs.org/glob 64ms (cache revalidated)
npm http fetch GET 200 https://registry.npmjs.org/gitconfiglocal 78ms (cache revalidated)
npm http fetch GET 200 https://registry.npmjs.org/archiver 363ms (cache revalidated)
npm http fetch GET 200 https://registry.npmjs.org/mkdirp 75ms (cache revalidated)
npm http fetch GET 200 https://registry.npmjs.org/mocha 95ms (cache revalidated)
npm http fetch GET 200 https://registry.npmjs.org/request 114ms (cache revalidated)
npm http fetch GET 200 https://registry.npmjs.org/table 55ms (cache revalidated)
npm http fetch GET 200 https://registry.npmjs.org/update-notifier 65ms (cache revalidated)
npm http fetch GET 200 https://registry.npmjs.org/uuid 64ms (cache revalidated)
npm http fetch GET 200 https://registry.npmjs.org/windows-release 62ms (cache revalidated)
npm http fetch GET 200 https://registry.npmjs.org/winston 69ms (cache revalidated)
npm http fetch GET 200 https://registry.npmjs.org/git-repo-info 669ms (cache revalidated)
npm http fetch GET 200 https://registry.npmjs.org/getmac 955ms (cache revalidated)
npm http fetch GET 200 https://registry.npmjs.org/git-last-commit 843ms (cache revalidated)
npm http fetch GET 200 https://registry.npmjs.org/yargs 93ms (cache revalidated)
npm http fetch GET 200 https://registry.npmjs.org/decompress 110ms (cache revalidated)
npm http fetch GET 200 https://registry.npmjs.org/node-ipc 692ms (cache revalidated)
npm http fetch GET 200 https://registry.npmjs.org/arch 116ms (cache revalidated)
npm http fetch GET 200 https://registry.npmjs.org/debug 70ms (cache revalidated)
npm http fetch GET 200 https://registry.npmjs.org/execa 63ms (cache revalidated)
npm http fetch GET 200 https://registry.npmjs.org/dayjs 122ms (cache revalidated)
npm http fetch GET 200 https://registry.npmjs.org/getos 73ms (cache revalidated)
npm http fetch GET 200 https://registry.npmjs.org/requestretry 690ms (cache revalidated)
npm http fetch GET 200 https://registry.npmjs.org/is-ci 71ms (cache revalidated)
npm http fetch GET 200 https://registry.npmjs.org/tmp 226ms (cache revalidated)
npm http fetch GET 200 https://registry.npmjs.org/yauzl 86ms (cache revalidated)
npm http fetch GET 200 https://registry.npmjs.org/listr2 70ms (cache revalidated)
npm http fetch GET 200 https://registry.npmjs.org/ospath 78ms (cache revalidated)
npm http fetch GET 200 https://registry.npmjs.org/lodash 91ms (cache revalidated)
npm http fetch GET 200 https://registry.npmjs.org/semver 76ms (cache revalidated)
npm http fetch GET 200 https://registry.npmjs.org/figures 86ms (cache revalidated)
npm http fetch GET 200 https://registry.npmjs.org/buffer 199ms (cache revalidated)
npm http fetch GET 200 https://registry.npmjs.org/process 101ms (cache revalidated)
npm http fetch GET 200 https://registry.npmjs.org/bluebird 106ms (cache revalidated)
npm http fetch GET 200 https://registry.npmjs.org/lazy-ass 87ms (cache revalidated)
npm http fetch GET 200 https://registry.npmjs.org/cachedir 129ms (cache revalidated)
npm http fetch GET 200 https://registry.npmjs.org/blob-util 70ms (cache revalidated)
npm http fetch GET 200 https://registry.npmjs.org/commander 67ms (cache revalidated)
npm http fetch GET 200 https://registry.npmjs.org/untildify 77ms (cache revalidated)
npm http fetch GET 200 https://registry.npmjs.org/browserstack-local 1484ms (cache revalidated)
npm http fetch GET 200 https://registry.npmjs.org/cli-cursor 87ms (cache revalidated)
npm http fetch GET 200 https://registry.npmjs.org/cli-table3 61ms (cache revalidated)
npm http fetch GET 200 https://registry.npmjs.org/enquirer 234ms (cache revalidated)
npm http fetch GET 200 https://registry.npmjs.org/minimist 193ms (cache revalidated)
npm http fetch GET 200 https://registry.npmjs.org/extract-zip 63ms (cache revalidated)
npm http fetch GET 200 https://registry.npmjs.org/log-symbols 66ms (cache revalidated)
npm http fetch GET 200 https://registry.npmjs.org/pretty-bytes 66ms (cache revalidated)
npm http fetch GET 200 https://registry.npmjs.org/eventemitter2 62ms (cache revalidated)
npm http fetch GET 200 https://registry.npmjs.org/supports-color 52ms (cache revalidated)
npm http fetch GET 200 https://registry.npmjs.org/proxy-from-env 66ms (cache revalidated)
npm http fetch GET 200 https://registry.npmjs.org/request-progress 57ms (cache revalidated)
npm http fetch GET 200 https://registry.npmjs.org/@cypress%2frequest 118ms (cache revalidated)
npm http fetch GET 200 https://registry.npmjs.org/is-installed-globally 58ms (cache revalidated)
npm http fetch GET 200 https://registry.npmjs.org/mochawesome 86ms (cache revalidated)
npm http fetch GET 200 https://registry.npmjs.org/mochawesome-merge 276ms (cache revalidated)
npm http fetch GET 200 https://registry.npmjs.org/executable 672ms (cache revalidated)
npm http fetch GET 200 https://registry.npmjs.org/check-more-types 661ms (cache revalidated)
npm http fetch GET 200 https://registry.npmjs.org/common-tags 877ms (cache revalidated)
npm http fetch GET 200 https://registry.npmjs.org/@cypress%2fxvfb 1098ms (cache revalidated)
npm http fetch GET 200 https://registry.npmjs.org/mochawesome-report-generator 640ms (cache revalidated)
npm http fetch GET 200 https://registry.npmjs.org/@types%2fsizzle 1462ms (cache revalidated)
npm http fetch GET 200 https://registry.npmjs.org/@types%2fsinonjs__fake-timers 1319ms (cache revalidated)
npm http fetch GET 200 https://registry.npmjs.org/https-proxy-agent 74ms (cache revalidated)
npm http fetch GET 200 https://registry.npmjs.org/zip-stream 92ms (cache revalidated)
npm http fetch GET 200 https://registry.npmjs.org/readable-stream 105ms (cache revalidated)
npm http fetch GET 200 https://registry.npmjs.org/ps-tree 80ms (cache revalidated)
npm http fetch GET 200 https://registry.npmjs.org/readdir-glob 196ms (cache revalidated)
npm http fetch GET 200 https://registry.npmjs.org/agent-base 52ms (cache revalidated)
npm http fetch GET 200 https://registry.npmjs.org/archiver-utils 253ms (cache revalidated)
npm http fetch GET 200 https://registry.npmjs.org/string-width 64ms (cache revalidated)
npm http fetch GET 200 https://registry.npmjs.org/decompress-tar 62ms (cache revalidated)
npm http fetch GET 200 https://registry.npmjs.org/decompress-tarbz2 59ms (cache revalidated)
npm http fetch GET 200 https://registry.npmjs.org/ansi-styles 186ms (cache revalidated)
npm http fetch GET 200 https://registry.npmjs.org/decompress-targz 78ms (cache revalidated)
npm http fetch GET 200 https://registry.npmjs.org/graceful-fs 47ms (cache revalidated)
npm http fetch GET 200 https://registry.npmjs.org/decompress-unzip 63ms (cache revalidated)
npm http fetch GET 200 https://registry.npmjs.org/make-dir 72ms (cache revalidated)
npm http fetch GET 200 https://registry.npmjs.org/strip-dirs 62ms (cache revalidated)
npm http fetch GET 200 https://registry.npmjs.org/buffer-crc32 515ms (cache revalidated)
npm http fetch GET 200 https://registry.npmjs.org/jsonfile 57ms (cache revalidated)
npm http fetch GET 200 https://registry.npmjs.org/universalify 67ms (cache revalidated)
npm http fetch GET 200 https://registry.npmjs.org/ini 63ms (cache revalidated)
npm http fetch GET 200 https://registry.npmjs.org/pify 199ms (cache revalidated)
npm http fetch GET 200 https://registry.npmjs.org/once 77ms (cache revalidated)
npm http fetch GET 200 https://registry.npmjs.org/inflight 60ms (cache revalidated)
npm http fetch GET 200 https://registry.npmjs.org/inherits 44ms (cache revalidated)
npm http fetch GET 200 https://registry.npmjs.org/minimatch 84ms (cache revalidated)
npm http fetch GET 200 https://registry.npmjs.org/fs.realpath 91ms (cache revalidated)
npm http fetch GET 200 https://registry.npmjs.org/is-running 675ms (cache revalidated)
npm http fetch GET 200 https://registry.npmjs.org/temp-fs 656ms (cache revalidated)
npm http fetch GET 200 https://registry.npmjs.org/tar-stream 820ms (cache revalidated)
npm http fetch GET 200 https://registry.npmjs.org/ansi-colors 82ms (cache revalidated)
npm http fetch GET 200 https://registry.npmjs.org/chokidar 80ms (cache revalidated)
npm http fetch GET 200 https://registry.npmjs.org/browser-stdout 96ms (cache revalidated)
npm http fetch GET 200 https://registry.npmjs.org/diff 80ms (cache revalidated)
npm http fetch GET 200 https://registry.npmjs.org/path-is-absolute 186ms (cache revalidated)
npm http fetch GET 200 https://registry.npmjs.org/serialize-javascript 55ms (cache revalidated)
npm http fetch GET 200 https://registry.npmjs.org/find-up 94ms (cache revalidated)
npm http fetch GET 200 https://registry.npmjs.org/ms 77ms (cache revalidated)
npm http fetch GET 200 https://registry.npmjs.org/yargs 11ms (cache hit)
npm http fetch GET 200 https://registry.npmjs.org/js-yaml 118ms (cache revalidated)
npm http fetch GET 200 https://registry.npmjs.org/he 123ms (cache revalidated)
npm http fetch GET 200 https://registry.npmjs.org/strip-json-comments 53ms (cache revalidated)
npm http fetch GET 200 https://registry.npmjs.org/workerpool 75ms (cache revalidated)
npm http fetch GET 200 https://registry.npmjs.org/yargs-parser 85ms (cache revalidated)
npm http fetch GET 200 https://registry.npmjs.org/yargs-unparser 83ms (cache revalidated)
npm http fetch GET 200 https://registry.npmjs.org/event-pubsub 82ms (cache revalidated)
npm http fetch GET 200 https://registry.npmjs.org/escape-string-regexp 236ms (cache revalidated)
npm http fetch GET 200 https://registry.npmjs.org/aws-sign2 87ms (cache revalidated)
npm http fetch GET 200 https://registry.npmjs.org/aws4 87ms (cache revalidated)
npm http fetch GET 200 https://registry.npmjs.org/forever-agent 60ms (cache revalidated)
npm http fetch GET 200 https://registry.npmjs.org/extend 70ms (cache revalidated)
npm http fetch GET 200 https://registry.npmjs.org/form-data 60ms (cache revalidated)
npm http fetch GET 200 https://registry.npmjs.org/har-validator 75ms (cache revalidated)
npm http fetch GET 200 https://registry.npmjs.org/http-signature 68ms (cache revalidated)
npm http fetch GET 200 https://registry.npmjs.org/is-typedarray 66ms (cache revalidated)
npm http fetch GET 200 https://registry.npmjs.org/caseless 339ms (cache revalidated)
npm http fetch GET 200 https://registry.npmjs.org/isstream 71ms (cache revalidated)
npm http fetch GET 200 https://registry.npmjs.org/combined-stream 361ms (cache revalidated)
npm http fetch GET 200 https://registry.npmjs.org/json-stringify-safe 79ms (cache revalidated)
npm http fetch GET 200 https://registry.npmjs.org/mime-types 58ms (cache revalidated)
npm http fetch GET 200 https://registry.npmjs.org/oauth-sign 83ms (cache revalidated)
npm http fetch GET 200 https://registry.npmjs.org/performance-now 80ms (cache revalidated)
npm http fetch GET 200 https://registry.npmjs.org/safe-buffer 62ms (cache revalidated)
npm http fetch GET 200 https://registry.npmjs.org/qs 102ms (cache revalidated)
npm http fetch GET 200 https://registry.npmjs.org/tough-cookie 89ms (cache revalidated)
npm http fetch GET 200 https://registry.npmjs.org/ajv 81ms (cache revalidated)
npm http fetch GET 200 https://registry.npmjs.org/@types%2fnode 1124ms (cache revalidated)
npm http fetch GET 200 https://registry.npmjs.org/slice-ansi 222ms (cache revalidated)
npm http fetch GET 200 https://registry.npmjs.org/js-queue 762ms (cache revalidated)
npm http fetch GET 200 https://registry.npmjs.org/js-message 812ms (cache revalidated)
npm http fetch GET 200 https://registry.npmjs.org/configstore 129ms (cache revalidated)
npm http fetch GET 200 https://registry.npmjs.org/semver-diff 77ms (cache revalidated)
npm http fetch GET 200 https://registry.npmjs.org/import-lazy 191ms (cache revalidated)
npm http fetch GET 200 https://registry.npmjs.org/xdg-basedir 91ms (cache revalidated)
npm http fetch GET 200 https://registry.npmjs.org/latest-version 180ms (cache revalidated)
npm http fetch GET 200 https://registry.npmjs.org/pupa 656ms (cache revalidated)
npm http fetch GET 200 https://registry.npmjs.org/tunnel-agent 754ms (cache revalidated)
npm http fetch GET 200 https://registry.npmjs.org/colors 65ms (cache revalidated)
npm http fetch GET 200 https://registry.npmjs.org/boxen 704ms (cache revalidated)
npm http fetch GET 200 https://registry.npmjs.org/y18n 66ms (cache revalidated)
npm http fetch GET 200 https://registry.npmjs.org/cliui 70ms (cache revalidated)
npm http fetch GET 200 https://registry.npmjs.org/is-in-ci 672ms (cache revalidated)
npm http fetch GET 200 https://registry.npmjs.org/decamelize 64ms (cache revalidated)
npm http fetch GET 200 https://registry.npmjs.org/set-blocking 76ms (cache revalidated)
npm http fetch GET 200 https://registry.npmjs.org/stack-trace 213ms (cache revalidated)
npm http fetch GET 200 https://registry.npmjs.org/which-module 71ms (cache revalidated)
npm http fetch GET 200 https://registry.npmjs.org/get-caller-file 62ms (cache revalidated)
npm http fetch GET 200 https://registry.npmjs.org/require-directory 68ms (cache revalidated)
npm http fetch GET 200 https://registry.npmjs.org/require-main-filename 196ms (cache revalidated)
npm http fetch GET 200 https://registry.npmjs.org/eyes 694ms (cache revalidated)
npm http fetch GET 200 https://registry.npmjs.org/is-npm 1120ms (cache revalidated)
npm http fetch GET 200 https://registry.npmjs.org/cycle 760ms (cache revalidated)
npm http fetch GET 200 https://registry.npmjs.org/lodash.defaults 96ms (cache revalidated)
npm http fetch GET 200 https://registry.npmjs.org/normalize-path 98ms (cache revalidated)
npm http fetch GET 200 https://registry.npmjs.org/lazystream 105ms (cache revalidated)
npm http fetch GET 200 https://registry.npmjs.org/lodash.difference 108ms (cache revalidated)
npm http fetch GET 200 https://registry.npmjs.org/util-deprecate 64ms (cache revalidated)
npm http fetch GET 200 https://registry.npmjs.org/bl 79ms (cache revalidated)
npm http fetch GET 200 https://registry.npmjs.org/end-of-stream 84ms (cache revalidated)
npm http fetch GET 200 https://registry.npmjs.org/string_decoder 97ms (cache revalidated)
npm http fetch GET 200 https://registry.npmjs.org/lodash.union 209ms (cache revalidated)
npm http fetch GET 200 https://registry.npmjs.org/fs-constants 54ms (cache revalidated)
npm http fetch GET 200 https://registry.npmjs.org/lodash.isplainobject 223ms (cache revalidated)
npm http fetch GET 200 https://registry.npmjs.org/compress-commons 63ms (cache revalidated)
npm http fetch GET 200 https://registry.npmjs.org/lodash.flatten 897ms (cache revalidated)
npm http fetch GET 200 https://registry.npmjs.org/core-util-is 80ms (cache revalidated)
npm http fetch GET 200 https://registry.npmjs.org/isarray 86ms (cache revalidated)
npm http fetch GET 200 https://registry.npmjs.org/process-nextick-args 87ms (cache revalidated)
npm http fetch GET 200 https://registry.npmjs.org/event-stream 73ms (cache revalidated)
npm http fetch GET 200 https://registry.npmjs.org/rimraf 185ms (cache revalidated)
npm http fetch GET 200 https://registry.npmjs.org/color-convert 65ms (cache revalidated)
npm http fetch GET 200 https://registry.npmjs.org/has-flag 328ms (cache revalidated)
npm http fetch GET 200 https://registry.npmjs.org/color-name 90ms (cache revalidated)
npm http fetch GET 200 https://registry.npmjs.org/emoji-regex 72ms (cache revalidated)
npm http fetch GET 200 https://registry.npmjs.org/is-fullwidth-code-point 97ms (cache revalidated)
npm http fetch GET 200 https://registry.npmjs.org/strip-ansi 204ms (cache revalidated)
npm http fetch GET 200 https://registry.npmjs.org/is-stream 95ms (cache revalidated)
npm http fetch GET 200 https://registry.npmjs.org/lodash.once 107ms (cache revalidated)
npm http fetch GET 200 https://registry.npmjs.org/onetime 141ms (cache revalidated)
npm http fetch GET 200 https://registry.npmjs.org/@colors%2fcolors 151ms (cache revalidated)
npm http fetch GET 200 https://registry.npmjs.org/cross-spawn 61ms (cache revalidated)
npm http fetch GET 200 https://registry.npmjs.org/get-stream 72ms (cache revalidated)
npm http fetch GET 200 https://registry.npmjs.org/base64-js 211ms (cache revalidated)
npm http fetch GET 200 https://registry.npmjs.org/signal-exit 75ms (cache revalidated)
npm http fetch GET 200 https://registry.npmjs.org/npm-run-path 61ms (cache revalidated)
npm http fetch GET 200 https://registry.npmjs.org/human-signals 67ms (cache revalidated)
npm http fetch GET 200 https://registry.npmjs.org/restore-cursor 244ms (cache revalidated)
npm http fetch GET 200 https://registry.npmjs.org/merge-stream 93ms (cache revalidated)
npm http fetch GET 200 https://registry.npmjs.org/ci-info 68ms (cache revalidated)
npm http fetch GET 200 https://registry.npmjs.org/@types%2fyauzl 90ms (cache revalidated)
npm http fetch GET 200 https://registry.npmjs.org/at-least-node 82ms (cache revalidated)
npm http fetch GET 200 https://registry.npmjs.org/is-path-inside 75ms (cache revalidated)
npm http fetch GET 200 https://registry.npmjs.org/rxjs 73ms (cache revalidated)
npm http fetch GET 200 https://registry.npmjs.org/p-map 96ms (cache revalidated)
npm http fetch GET 200 https://registry.npmjs.org/strip-final-newline 205ms (cache revalidated)
npm http fetch GET 200 https://registry.npmjs.org/ieee754 418ms (cache revalidated)
npm http fetch GET 200 https://registry.npmjs.org/through 94ms (cache revalidated)
npm http fetch GET 200 https://registry.npmjs.org/rfdc 108ms (cache revalidated)
npm http fetch GET 200 https://registry.npmjs.org/global-dirs 198ms (cache revalidated)
npm http fetch GET 200 https://registry.npmjs.org/wrap-ansi 76ms (cache revalidated)
npm http fetch GET 200 https://registry.npmjs.org/throttleit 72ms (cache revalidated)
npm http fetch GET 200 https://registry.npmjs.org/colorette 96ms (cache revalidated)
npm http fetch GET 200 https://registry.npmjs.org/is-unicode-supported 85ms (cache revalidated)
npm http fetch GET 200 https://registry.npmjs.org/log-update 200ms (cache revalidated)
npm http fetch GET 200 https://registry.npmjs.org/fd-slicer 201ms (cache revalidated)
npm http fetch GET 200 https://registry.npmjs.org/cli-truncate 858ms (cache revalidated)
npm http fetch GET 200 https://registry.npmjs.org/side-channel 63ms (cache revalidated)
npm http fetch GET 200 https://registry.npmjs.org/jsprim 76ms (cache revalidated)
npm http fetch GET 200 https://registry.npmjs.org/asynckit 83ms (cache revalidated)
npm http fetch GET 200 https://registry.npmjs.org/delayed-stream 92ms (cache revalidated)
npm http fetch GET 200 https://registry.npmjs.org/assert-plus 91ms (cache revalidated)
npm http fetch GET 200 https://registry.npmjs.org/mime-db 89ms (cache revalidated)
npm http fetch GET 200 https://registry.npmjs.org/url-parse 71ms (cache revalidated)
npm http fetch GET 200 https://registry.npmjs.org/punycode 91ms (cache revalidated)
npm http fetch GET 200 https://registry.npmjs.org/psl 226ms (cache revalidated)
npm http fetch GET 200 https://registry.npmjs.org/sshpk 330ms (cache revalidated)
npm http fetch GET 200 https://registry.npmjs.org/yargs 25ms (cache hit)
npm http fetch GET 200 https://registry.npmjs.org/lodash.isstring 77ms (cache revalidated)
npm http fetch GET 200 https://registry.npmjs.org/lodash.isempty 88ms (cache revalidated)
npm http fetch GET 200 https://registry.npmjs.org/dateformat 84ms (cache revalidated)
npm http fetch GET 200 https://registry.npmjs.org/lodash.isfunction 101ms (cache revalidated)
npm http fetch GET 200 https://registry.npmjs.org/lodash.isfunction 89ms (cache revalidated)
npm http fetch GET 200 https://registry.npmjs.org/prop-types 95ms (cache revalidated)
npm http fetch GET 200 https://registry.npmjs.org/opener 102ms (cache revalidated)
npm http fetch GET 200 https://registry.npmjs.org/escape-html 195ms (cache revalidated)
npm http fetch GET 200 https://registry.npmjs.org/yargs 13ms (cache hit)
npm http fetch GET 200 https://registry.npmjs.org/validator 75ms (cache revalidated)
npm http fetch GET 200 https://registry.npmjs.org/tcomb 657ms (cache revalidated)
npm http fetch GET 200 https://registry.npmjs.org/lodash.isobject 764ms (cache revalidated)
npm http fetch GET 200 https://registry.npmjs.org/tcomb-validation 747ms (cache revalidated)
npm http fetch GET 200 https://registry.npmjs.org/fsu 913ms (cache revalidated)
npm http fetch GET 200 https://registry.npmjs.org/seek-bzip 77ms (cache revalidated)
npm http fetch GET 200 https://registry.npmjs.org/file-type 161ms (cache revalidated)
npm http fetch GET 200 https://registry.npmjs.org/unbzip2-stream 195ms (cache revalidated)
npm http fetch GET 200 https://registry.npmjs.org/file-type 206ms (cache revalidated)
npm http fetch GET 200 https://registry.npmjs.org/file-type 302ms (cache revalidated)
npm http fetch GET 200 https://registry.npmjs.org/file-type 774ms (cache revalidated)
npm http fetch GET 200 https://registry.npmjs.org/is-natural-number 784ms (cache revalidated)
npm http fetch GET 200 https://registry.npmjs.org/buffer-alloc 77ms (cache revalidated)
npm http fetch GET 200 https://registry.npmjs.org/xtend 193ms (cache revalidated)
npm http fetch GET 200 https://registry.npmjs.org/to-buffer 693ms (cache revalidated)
npm http fetch GET 200 https://registry.npmjs.org/object-assign 75ms (cache revalidated)
npm http fetch GET 200 https://registry.npmjs.org/pinkie-promise 318ms (cache revalidated)
npm http fetch GET 200 https://registry.npmjs.org/ansi-regex 68ms (cache revalidated)
npm http fetch GET 200 https://registry.npmjs.org/path-key 85ms (cache revalidated)
npm http fetch GET 200 https://registry.npmjs.org/path-key 82ms (cache revalidated)
npm http fetch GET 200 https://registry.npmjs.org/mimic-fn 127ms (cache revalidated)
npm http fetch GET 200 https://registry.npmjs.org/shebang-command 212ms (cache revalidated)
npm http fetch GET 200 https://registry.npmjs.org/which 225ms (cache revalidated)
npm http fetch GET 200 https://registry.npmjs.org/pump 902ms (cache revalidated)
npm http fetch GET 200 https://registry.npmjs.org/shebang-regex 57ms (cache revalidated)
npm http fetch GET 200 https://registry.npmjs.org/isexe 58ms (cache revalidated)
npm http fetch GET 200 https://registry.npmjs.org/@types%2fnode 26ms (cache hit)
npm http fetch GET 200 https://registry.npmjs.org/undici-types 71ms (cache revalidated)
npm http fetch GET 200 https://registry.npmjs.org/pinkie 78ms (cache revalidated)
npm http fetch GET 200 https://registry.npmjs.org/wrappy 73ms (cache revalidated)
npm http fetch GET 200 https://registry.npmjs.org/brace-expansion 234ms (cache revalidated)
npm http fetch GET 200 https://registry.npmjs.org/wrappy 873ms (cache revalidated)
npm http fetch GET 200 https://registry.npmjs.org/json-schema 69ms (cache revalidated)
npm http fetch GET 200 https://registry.npmjs.org/verror 70ms (cache revalidated)
npm http fetch GET 200 https://registry.npmjs.org/asn1 72ms (cache revalidated)
npm http fetch GET 200 https://registry.npmjs.org/extsprintf 80ms (cache revalidated)
npm http fetch GET 200 https://registry.npmjs.org/tweetnacl 66ms (cache revalidated)
npm http fetch GET 200 https://registry.npmjs.org/jsbn 75ms (cache revalidated)
npm http fetch GET 200 https://registry.npmjs.org/bcrypt-pbkdf 71ms (cache revalidated)
npm http fetch GET 200 https://registry.npmjs.org/getpass 196ms (cache revalidated)
npm http fetch GET 200 https://registry.npmjs.org/dashdash 224ms (cache revalidated)
npm http fetch GET 200 https://registry.npmjs.org/ecc-jsbn 687ms (cache revalidated)
npm http fetch GET 200 https://registry.npmjs.org/safer-buffer 1049ms (cache revalidated)
npm http fetch GET 200 https://registry.npmjs.org/aggregate-error 71ms (cache revalidated)
npm http fetch GET 200 https://registry.npmjs.org/ansi-escapes 79ms (cache revalidated)
npm http fetch GET 200 https://registry.npmjs.org/tslib 91ms (cache revalidated)
npm http fetch GET 200 https://registry.npmjs.org/astral-regex 222ms (cache revalidated)
npm http fetch GET 200 https://registry.npmjs.org/type-fest 95ms (cache revalidated)
npm http fetch GET 200 https://registry.npmjs.org/concat-map 60ms (cache revalidated)
npm http fetch GET 200 https://registry.npmjs.org/balanced-match 1203ms (cache revalidated)
npm http fetch GET 200 https://registry.npmjs.org/anymatch 90ms (cache revalidated)
npm http fetch GET 200 https://registry.npmjs.org/fsevents 84ms (cache revalidated)
npm http fetch GET 200 https://registry.npmjs.org/is-glob 95ms (cache revalidated)
npm http fetch GET 200 https://registry.npmjs.org/is-binary-path 99ms (cache revalidated)
npm http fetch GET 200 https://registry.npmjs.org/braces 109ms (cache revalidated)
npm http fetch GET 200 https://registry.npmjs.org/glob-parent 118ms (cache revalidated)
npm http fetch GET 200 https://registry.npmjs.org/randombytes 75ms (cache revalidated)
npm http fetch GET 200 https://registry.npmjs.org/escalade 69ms (cache revalidated)
npm http fetch GET 200 https://registry.npmjs.org/argparse 86ms (cache revalidated)
npm http fetch GET 200 https://registry.npmjs.org/locate-path 103ms (cache revalidated)
npm http fetch GET 200 https://registry.npmjs.org/is-plain-obj 61ms (cache revalidated)
npm http fetch GET 200 https://registry.npmjs.org/flat 78ms (cache revalidated)
npm http fetch GET 200 https://registry.npmjs.org/path-exists 198ms (cache revalidated)
npm http fetch GET 200 https://registry.npmjs.org/camelcase 210ms (cache revalidated)
npm http fetch GET 200 https://registry.npmjs.org/readdirp 346ms (cache revalidated)
npm http fetch GET 200 https://registry.npmjs.org/picomatch 87ms (cache revalidated)
npm http fetch GET 200 https://registry.npmjs.org/binary-extensions 90ms (cache revalidated)
npm http fetch GET 200 https://registry.npmjs.org/is-extglob 93ms (cache revalidated)
npm http fetch GET 200 https://registry.npmjs.org/picomatch 97ms (cache revalidated)
npm http fetch GET 200 https://registry.npmjs.org/fill-range 114ms (cache revalidated)
npm http fetch GET 200 https://registry.npmjs.org/to-regex-range 73ms (cache revalidated)
npm http fetch GET 200 https://registry.npmjs.org/is-number 857ms (cache revalidated)
npm http fetch GET 200 https://registry.npmjs.org/p-locate 63ms (cache revalidated)
npm http fetch GET 200 https://registry.npmjs.org/p-limit 180ms (cache revalidated)
npm http fetch GET 200 https://registry.npmjs.org/loose-envify 60ms (cache revalidated)
npm http fetch GET 200 https://registry.npmjs.org/react-is 69ms (cache revalidated)
npm http fetch GET 200 https://registry.npmjs.org/easy-stack 730ms (cache revalidated)
npm http fetch GET 200 https://registry.npmjs.org/yocto-queue 88ms (cache revalidated)
npm http fetch GET 200 https://registry.npmjs.org/indent-string 65ms (cache revalidated)
npm http fetch GET 200 https://registry.npmjs.org/clean-stack 387ms (cache revalidated)
npm http fetch GET 200 https://registry.npmjs.org/js-tokens 58ms (cache revalidated)
npm http fetch GET 200 https://registry.npmjs.org/map-stream 67ms (cache revalidated)
npm http fetch GET 200 https://registry.npmjs.org/duplexer 73ms (cache revalidated)
npm http fetch GET 200 https://registry.npmjs.org/split 142ms (cache revalidated)
npm http fetch GET 200 https://registry.npmjs.org/stream-combiner 223ms (cache revalidated)
npm http fetch GET 200 https://registry.npmjs.org/from 310ms (cache revalidated)
npm http fetch GET 200 https://registry.npmjs.org/pause-stream 704ms (cache revalidated)
npm http fetch GET 200 https://registry.npmjs.org/object-inspect 782ms (cache revalidated)
npm http fetch GET 200 https://registry.npmjs.org/get-intrinsic 790ms (cache revalidated)
npm http fetch GET 200 https://registry.npmjs.org/call-bind 809ms (cache revalidated)
npm http fetch GET 200 https://registry.npmjs.org/es-errors 811ms (cache revalidated)
npm http fetch GET 200 https://registry.npmjs.org/ajv 15ms (cache hit)
npm http fetch GET 200 https://registry.npmjs.org/har-schema 208ms (cache revalidated)
npm http fetch GET 200 https://registry.npmjs.org/fast-json-stable-stringify 1057ms (cache revalidated)
npm http fetch GET 200 https://registry.npmjs.org/json-schema-traverse 1062ms (cache revalidated)
npm http fetch GET 200 https://registry.npmjs.org/fast-deep-equal 1066ms (cache revalidated)
npm http fetch GET 200 https://registry.npmjs.org/uri-js 1376ms (cache revalidated)
npm http fetch GET 200 https://registry.npmjs.org/function-bind 874ms (cache revalidated)
npm http fetch GET 200 https://registry.npmjs.org/set-function-length 893ms (cache revalidated)
npm http fetch GET 200 https://registry.npmjs.org/function-bind 897ms (cache revalidated)
npm http fetch GET 200 https://registry.npmjs.org/hasown 919ms (cache revalidated)
npm http fetch GET 200 https://registry.npmjs.org/has-symbols 930ms (cache revalidated)
npm http fetch GET 200 https://registry.npmjs.org/es-define-property 1045ms (cache revalidated)
npm http fetch GET 200 https://registry.npmjs.org/has-proto 1131ms (cache revalidated)
npm http fetch GET 200 https://registry.npmjs.org/has-property-descriptors 117ms (cache revalidated)
npm http fetch GET 200 https://registry.npmjs.org/gopd 130ms (cache revalidated)
npm http fetch GET 200 https://registry.npmjs.org/define-data-property 157ms (cache revalidated)
npm http fetch GET 200 https://registry.npmjs.org/querystringify 56ms (cache revalidated)
npm http fetch GET 200 https://registry.npmjs.org/requires-port 61ms (cache revalidated)
npm http fetch GET 200 https://registry.npmjs.org/unique-string 57ms (cache revalidated)
npm http fetch GET 200 https://registry.npmjs.org/ansi-align 70ms (cache revalidated)
npm http fetch GET 200 https://registry.npmjs.org/write-file-atomic 65ms (cache revalidated)
npm http fetch GET 200 https://registry.npmjs.org/package-json 71ms (cache revalidated)
npm http fetch GET 200 https://registry.npmjs.org/dot-prop 88ms (cache revalidated)
npm http fetch GET 200 https://registry.npmjs.org/widest-line 220ms (cache revalidated)
npm http fetch GET 200 https://registry.npmjs.org/escape-goat 198ms (cache revalidated)
npm http fetch GET 200 https://registry.npmjs.org/cli-boxes 911ms (cache revalidated)
npm http fetch GET 200 https://registry.npmjs.org/eastasianwidth 705ms (cache revalidated)
npm http fetch GET 200 https://registry.npmjs.org/crypto-random-string 69ms (cache revalidated)
npm http fetch GET 200 https://registry.npmjs.org/is-obj 88ms (cache revalidated)
npm http fetch GET 200 https://registry.npmjs.org/typedarray-to-buffer 90ms (cache revalidated)
npm http fetch GET 200 https://registry.npmjs.org/imurmurhash 240ms (cache revalidated)
npm http fetch GET 200 https://registry.npmjs.org/registry-url 248ms (cache revalidated)
npm http fetch GET 200 https://registry.npmjs.org/got 344ms (cache revalidated)
npm http fetch GET 200 https://registry.npmjs.org/registry-auth-token 694ms (cache revalidated)
npm http fetch GET 200 https://registry.npmjs.org/cacheable-lookup 113ms (cache revalidated)
npm http fetch GET 200 https://registry.npmjs.org/lowercase-keys 122ms (cache revalidated)
npm http fetch GET 200 https://registry.npmjs.org/p-cancelable 130ms (cache revalidated)
npm http fetch GET 200 https://registry.npmjs.org/decompress-response 76ms (cache revalidated)
npm http fetch GET 200 https://registry.npmjs.org/form-data-encoder 89ms (cache revalidated)
npm http fetch GET 200 https://registry.npmjs.org/@sindresorhus%2fis 215ms (cache revalidated)
npm http fetch GET 200 https://registry.npmjs.org/cacheable-request 224ms (cache revalidated)
npm http fetch GET 200 https://registry.npmjs.org/@szmarczak%2fhttp-timer 108ms (cache revalidated)
npm http fetch GET 200 https://registry.npmjs.org/responselike 252ms (cache revalidated)
npm http fetch GET 200 https://registry.npmjs.org/rc 79ms (cache revalidated)
npm http fetch GET 200 https://registry.npmjs.org/@pnpm%2fnpm-conf 364ms (cache revalidated)
npm http fetch GET 200 https://registry.npmjs.org/http2-wrapper 922ms (cache revalidated)
npm http fetch GET 200 https://registry.npmjs.org/defer-to-connect 67ms (cache revalidated)
npm http fetch GET 200 https://registry.npmjs.org/keyv 75ms (cache revalidated)
npm http fetch GET 200 https://registry.npmjs.org/normalize-url 79ms (cache revalidated)
npm http fetch GET 200 https://registry.npmjs.org/@types%2fhttp-cache-semantics 98ms (cache revalidated)
npm http fetch GET 200 https://registry.npmjs.org/resolve-alpn 61ms (cache revalidated)
npm http fetch GET 200 https://registry.npmjs.org/mimic-response 186ms (cache revalidated)
npm http fetch GET 200 https://registry.npmjs.org/quick-lru 144ms (cache revalidated)
npm http fetch GET 200 https://registry.npmjs.org/http-cache-semantics 220ms (cache revalidated)
npm http fetch GET 200 https://registry.npmjs.org/mimic-response 307ms (cache revalidated)
npm http fetch GET 200 https://registry.npmjs.org/json-buffer 1131ms (cache revalidated)
npm http fetch GET 200 https://registry.npmjs.org/config-chain 102ms (cache revalidated)
npm http fetch GET 200 https://registry.npmjs.org/@pnpm%2fconfig.env-replace 122ms (cache revalidated)
npm http fetch GET 200 https://registry.npmjs.org/@pnpm%2fnetwork.ca-file 1362ms (cache revalidated)
npm http fetch GET 200 https://registry.npmjs.org/proto-list 98ms (cache revalidated)
npm http fetch GET 200 https://registry.npmjs.org/deep-extend 227ms (cache revalidated)
npm http fetch GET 200 https://registry.npmjs.org/pend 1288ms (cache revalidated)
npm http fetch GET 200 https://registry.npmjs.org/crc32-stream 916ms (cache revalidated)
npm http fetch GET 200 https://registry.npmjs.org/crc-32 71ms (cache revalidated)
npm http fetch GET 200 https://registry.npmjs.org/buffer-alloc-unsafe 120ms (cache revalidated)
npm http fetch GET 200 https://registry.npmjs.org/buffer-fill 200ms (cache revalidated)
npm http fetch GET 200 https://registry.npmjs.org/p-try 1315ms (cache revalidated)
npm verbose reify failed optional dependency F:\PGATS\PGATS - Web\Trabalho_PGATS_Web\tmpBstackPackages\node_modules\fsevents
npm http fetch POST 200 https://registry.npmjs.org/-/npm/v1/security/advisories/bulk 1426ms
npm warn deprecated inflight@1.0.6: This module is not supported, and leaks memory. Do not use it. Check out lru-cache if you want a good and tested way to coalesce async requests by a key value, which is much more comprehensive and powerful.
npm warn deprecated rimraf@2.5.4: Rimraf versions prior to v4 are no longer supported
npm warn deprecated har-validator@5.1.5: this library is no longer supported
npm warn deprecated glob@7.2.3: Glob versions prior to v9 are no longer supported
npm warn deprecated glob@8.1.0: Glob versions prior to v9 are no longer supported
npm http fetch GET 200 https://registry.npmjs.org/request 1475ms (cache revalidated)
npm http fetch GET 200 https://registry.npmjs.org/tough-cookie 1499ms (cache revalidated)
npm warn deprecated uuid@3.4.0: Please upgrade  to version 7 or higher.  Older versions may use Math.random() in certain circumstances, which is known to be problematic.  See https://v8.dev/blog/math-random for details.
npm warn deprecated request@2.88.2: request has been deprecated, see https://github.com/request/request/issues/3142
npm http fetch GET 200 https://registry.npmjs.org/browserstack-cypress-cli 489ms (cache updated)
npm info run cypress@13.13.2 postinstall node_modules/cypress node index.js --exec install
npm info run cypress@13.13.2 postinstall { code: 0, signal: null }

added 501 packages, and audited 502 packages in 1m

96 packages are looking for funding
  run `npm fund` for details

3 moderate severity vulnerabilities

To address all issues (including breaking changes), run:
  npm audit fix --force

Run `npm audit` for details.
npm verbose cwd F:\PGATS\PGATS - Web\Trabalho_PGATS_Web\tmpBstackPackages
npm verbose os Windows_NT 10.0.22631
npm verbose node v20.13.1
npm verbose npm  v10.8.1
npm verbose exit 0
npm info ok
